mode: set
github.com/newrelic/newrelic-diagnostics-cli/output/color/color.go:49.33,51.2 1 1
github.com/newrelic/newrelic-diagnostics-cli/output/color/color.go:58.46,59.31 1 1
github.com/newrelic/newrelic-diagnostics-cli/output/color/color.go:62.2,62.60 1 1
github.com/newrelic/newrelic-diagnostics-cli/output/color/color.go:59.31,61.3 1 0
github.com/newrelic/newrelic-diagnostics-cli/output/output.go:21.26,23.2 1 0
github.com/newrelic/newrelic-diagnostics-cli/output/output.go:26.51,29.30 2 0
github.com/newrelic/newrelic-diagnostics-cli/output/output.go:35.2,35.24 1 0
github.com/newrelic/newrelic-diagnostics-cli/output/output.go:42.2,45.34 3 0
github.com/newrelic/newrelic-diagnostics-cli/output/output.go:61.2,61.25 1 0
github.com/newrelic/newrelic-diagnostics-cli/output/output.go:29.30,30.32 1 0
github.com/newrelic/newrelic-diagnostics-cli/output/output.go:30.32,32.4 1 0
github.com/newrelic/newrelic-diagnostics-cli/output/output.go:35.24,37.3 1 0
github.com/newrelic/newrelic-diagnostics-cli/output/output.go:37.8,40.3 1 0
github.com/newrelic/newrelic-diagnostics-cli/output/output.go:45.34,47.53 1 0
github.com/newrelic/newrelic-diagnostics-cli/output/output.go:47.53,50.31 3 0
github.com/newrelic/newrelic-diagnostics-cli/output/output.go:53.4,53.18 1 0
github.com/newrelic/newrelic-diagnostics-cli/output/output.go:50.31,52.5 1 0
github.com/newrelic/newrelic-diagnostics-cli/output/output.go:54.9,57.4 2 0
github.com/newrelic/newrelic-diagnostics-cli/output/output.go:61.25,64.3 2 0
github.com/newrelic/newrelic-diagnostics-cli/output/output.go:68.54,70.2 1 0
github.com/newrelic/newrelic-diagnostics-cli/output/output.go:73.67,80.53 4 0
github.com/newrelic/newrelic-diagnostics-cli/output/output.go:109.2,113.11 4 0
github.com/newrelic/newrelic-diagnostics-cli/output/output.go:80.53,83.54 2 0
github.com/newrelic/newrelic-diagnostics-cli/output/output.go:83.54,85.70 1 0
github.com/newrelic/newrelic-diagnostics-cli/output/output.go:85.70,88.5 1 0
github.com/newrelic/newrelic-diagnostics-cli/output/output.go:88.10,89.29 1 0
github.com/newrelic/newrelic-diagnostics-cli/output/output.go:89.29,90.54 1 0
github.com/newrelic/newrelic-diagnostics-cli/output/output.go:90.54,95.36 4 0
github.com/newrelic/newrelic-diagnostics-cli/output/output.go:98.7,99.12 2 0
github.com/newrelic/newrelic-diagnostics-cli/output/output.go:95.36,97.8 1 0
github.com/newrelic/newrelic-diagnostics-cli/output/output.go:100.12,103.7 2 0
github.com/newrelic/newrelic-diagnostics-cli/output/output.go:117.64,120.32 3 0
github.com/newrelic/newrelic-diagnostics-cli/output/output.go:127.2,130.35 2 0
github.com/newrelic/newrelic-diagnostics-cli/output/output.go:120.32,124.3 3 0
github.com/newrelic/newrelic-diagnostics-cli/output/output.go:134.43,136.2 1 0
github.com/newrelic/newrelic-diagnostics-cli/output/output.go:138.45,140.2 1 0
github.com/newrelic/newrelic-diagnostics-cli/output/output.go:142.65,143.48 1 0
github.com/newrelic/newrelic-diagnostics-cli/output/output.go:143.48,145.17 2 0
github.com/newrelic/newrelic-diagnostics-cli/output/output.go:148.3,148.28 1 0
github.com/newrelic/newrelic-diagnostics-cli/output/output.go:152.3,153.18 2 0
github.com/newrelic/newrelic-diagnostics-cli/output/output.go:145.17,147.4 1 0
github.com/newrelic/newrelic-diagnostics-cli/output/output.go:148.28,150.4 1 0
github.com/newrelic/newrelic-diagnostics-cli/output/output.go:153.18,155.4 1 0
github.com/newrelic/newrelic-diagnostics-cli/output/output.go:157.8,157.43 1 0
github.com/newrelic/newrelic-diagnostics-cli/output/output.go:157.43,159.3 1 0
github.com/newrelic/newrelic-diagnostics-cli/output/output.go:159.8,162.3 1 0
github.com/newrelic/newrelic-diagnostics-cli/output/output.go:165.52,168.56 2 0
github.com/newrelic/newrelic-diagnostics-cli/output/output.go:178.2,178.27 1 0
github.com/newrelic/newrelic-diagnostics-cli/output/output.go:168.56,169.18 1 0
github.com/newrelic/newrelic-diagnostics-cli/output/output.go:172.4,172.20 1 0
github.com/newrelic/newrelic-diagnostics-cli/output/output.go:175.4,176.14 2 0
github.com/newrelic/newrelic-diagnostics-cli/output/output.go:169.18,171.5 1 0
github.com/newrelic/newrelic-diagnostics-cli/output/output.go:172.20,174.5 1 0
github.com/newrelic/newrelic-diagnostics-cli/output/output.go:180.72,182.56 1 0
github.com/newrelic/newrelic-diagnostics-cli/output/output.go:186.2,186.12 1 0
github.com/newrelic/newrelic-diagnostics-cli/output/output.go:182.56,185.4 2 0
github.com/newrelic/newrelic-diagnostics-cli/output/output.go:191.51,197.55 4 0
github.com/newrelic/newrelic-diagnostics-cli/output/output.go:224.2,224.25 1 0
github.com/newrelic/newrelic-diagnostics-cli/output/output.go:236.2,238.22 3 0
github.com/newrelic/newrelic-diagnostics-cli/output/output.go:197.55,198.53 1 0
github.com/newrelic/newrelic-diagnostics-cli/output/output.go:219.3,220.48 2 0
github.com/newrelic/newrelic-diagnostics-cli/output/output.go:198.53,200.42 2 0
github.com/newrelic/newrelic-diagnostics-cli/output/output.go:209.4,209.26 1 0
github.com/newrelic/newrelic-diagnostics-cli/output/output.go:200.42,204.29 4 0
github.com/newrelic/newrelic-diagnostics-cli/output/output.go:207.5,207.64 1 0
github.com/newrelic/newrelic-diagnostics-cli/output/output.go:204.29,206.6 1 0
github.com/newrelic/newrelic-diagnostics-cli/output/output.go:209.26,211.5 1 0
github.com/newrelic/newrelic-diagnostics-cli/output/output.go:211.10,213.5 1 0
github.com/newrelic/newrelic-diagnostics-cli/output/output.go:214.9,218.4 2 0
github.com/newrelic/newrelic-diagnostics-cli/output/output.go:224.25,227.29 2 0
github.com/newrelic/newrelic-diagnostics-cli/output/output.go:233.3,234.27 2 0
github.com/newrelic/newrelic-diagnostics-cli/output/output.go:227.29,229.4 1 0
github.com/newrelic/newrelic-diagnostics-cli/output/output.go:229.9,231.4 1 0
github.com/newrelic/newrelic-diagnostics-cli/output/outputHelpers.go:39.60,49.16 3 1
github.com/newrelic/newrelic-diagnostics-cli/output/outputHelpers.go:52.2,52.23 1 1
github.com/newrelic/newrelic-diagnostics-cli/output/outputHelpers.go:49.16,51.3 1 0
github.com/newrelic/newrelic-diagnostics-cli/output/outputHelpers.go:55.30,59.16 4 0
github.com/newrelic/newrelic-diagnostics-cli/output/outputHelpers.go:63.2,63.52 1 0
github.com/newrelic/newrelic-diagnostics-cli/output/outputHelpers.go:59.16,62.3 2 0
github.com/newrelic/newrelic-diagnostics-cli/output/outputHelpers.go:66.30,68.16 2 1
github.com/newrelic/newrelic-diagnostics-cli/output/outputHelpers.go:72.2,73.16 2 1
github.com/newrelic/newrelic-diagnostics-cli/output/outputHelpers.go:79.2,80.10 2 1
github.com/newrelic/newrelic-diagnostics-cli/output/outputHelpers.go:68.16,71.3 2 1
github.com/newrelic/newrelic-diagnostics-cli/output/outputHelpers.go:73.16,76.3 2 1
github.com/newrelic/newrelic-diagnostics-cli/output/outputHelpers.go:83.36,87.19 3 0
github.com/newrelic/newrelic-diagnostics-cli/output/outputHelpers.go:87.19,89.3 1 0
github.com/newrelic/newrelic-diagnostics-cli/output/outputHelpers.go:92.61,95.2 2 0
github.com/newrelic/newrelic-diagnostics-cli/output/outputHelpers.go:98.75,100.38 1 1
github.com/newrelic/newrelic-diagnostics-cli/output/outputHelpers.go:100.38,104.29 2 1
github.com/newrelic/newrelic-diagnostics-cli/output/outputHelpers.go:104.29,111.35 3 0
github.com/newrelic/newrelic-diagnostics-cli/output/outputHelpers.go:111.35,113.5 1 0
github.com/newrelic/newrelic-diagnostics-cli/output/outputHelpers.go:114.9,118.18 3 1
github.com/newrelic/newrelic-diagnostics-cli/output/outputHelpers.go:123.4,124.18 2 0
github.com/newrelic/newrelic-diagnostics-cli/output/outputHelpers.go:128.4,131.18 3 0
github.com/newrelic/newrelic-diagnostics-cli/output/outputHelpers.go:136.4,147.18 6 0
github.com/newrelic/newrelic-diagnostics-cli/output/outputHelpers.go:152.4,153.18 2 0
github.com/newrelic/newrelic-diagnostics-cli/output/outputHelpers.go:118.18,121.5 2 1
github.com/newrelic/newrelic-diagnostics-cli/output/outputHelpers.go:124.18,127.5 2 0
github.com/newrelic/newrelic-diagnostics-cli/output/outputHelpers.go:131.18,134.5 2 0
github.com/newrelic/newrelic-diagnostics-cli/output/outputHelpers.go:147.18,150.5 2 0
github.com/newrelic/newrelic-diagnostics-cli/output/outputHelpers.go:153.18,155.5 1 0
github.com/newrelic/newrelic-diagnostics-cli/output/outputHelpers.go:161.53,163.16 2 1
github.com/newrelic/newrelic-diagnostics-cli/output/outputHelpers.go:167.2,169.124 2 1
github.com/newrelic/newrelic-diagnostics-cli/output/outputHelpers.go:163.16,166.3 2 1
github.com/newrelic/newrelic-diagnostics-cli/output/outputHelpers.go:169.124,171.3 1 1
github.com/newrelic/newrelic-diagnostics-cli/output/outputHelpers.go:175.41,178.30 2 0
github.com/newrelic/newrelic-diagnostics-cli/output/outputHelpers.go:182.2,184.33 2 0
github.com/newrelic/newrelic-diagnostics-cli/output/outputHelpers.go:189.2,189.14 1 0
github.com/newrelic/newrelic-diagnostics-cli/output/outputHelpers.go:178.30,180.3 1 0
github.com/newrelic/newrelic-diagnostics-cli/output/outputHelpers.go:184.33,185.40 1 0
github.com/newrelic/newrelic-diagnostics-cli/output/outputHelpers.go:185.40,187.4 1 0
github.com/newrelic/newrelic-diagnostics-cli/output/outputHelpers.go:196.47,198.33 2 0
github.com/newrelic/newrelic-diagnostics-cli/output/outputHelpers.go:203.2,203.42 1 0
github.com/newrelic/newrelic-diagnostics-cli/output/outputHelpers.go:198.33,199.17 1 0
github.com/newrelic/newrelic-diagnostics-cli/output/outputHelpers.go:199.17,201.4 1 0
github.com/newrelic/newrelic-diagnostics-cli/output/outputHelpers.go:207.29,209.16 2 0
github.com/newrelic/newrelic-diagnostics-cli/output/outputHelpers.go:214.2,214.12 1 0
github.com/newrelic/newrelic-diagnostics-cli/output/outputHelpers.go:209.16,211.3 1 0
github.com/newrelic/newrelic-diagnostics-cli/output/outputHelpers.go:211.8,213.3 1 0
github.com/newrelic/newrelic-diagnostics-cli/output/outputHelpers.go:217.47,219.2 1 1
github.com/newrelic/newrelic-diagnostics-cli/output/outputHelpers.go:220.118,221.16 1 1
github.com/newrelic/newrelic-diagnostics-cli/output/outputHelpers.go:225.2,225.18 1 1
github.com/newrelic/newrelic-diagnostics-cli/output/outputHelpers.go:228.2,228.44 1 1
github.com/newrelic/newrelic-diagnostics-cli/output/outputHelpers.go:234.2,235.15 2 1
github.com/newrelic/newrelic-diagnostics-cli/output/outputHelpers.go:239.2,244.12 3 1
github.com/newrelic/newrelic-diagnostics-cli/output/outputHelpers.go:221.16,224.3 2 1
github.com/newrelic/newrelic-diagnostics-cli/output/outputHelpers.go:225.18,227.3 1 1
github.com/newrelic/newrelic-diagnostics-cli/output/outputHelpers.go:228.44,232.3 3 1
github.com/newrelic/newrelic-diagnostics-cli/output/outputHelpers.go:235.15,237.3 1 1
github.com/newrelic/newrelic-diagnostics-cli/output/outputHelpers.go:247.79,249.15 2 0
github.com/newrelic/newrelic-diagnostics-cli/output/outputHelpers.go:252.2,255.15 3 0
github.com/newrelic/newrelic-diagnostics-cli/output/outputHelpers.go:260.2,263.15 4 0
github.com/newrelic/newrelic-diagnostics-cli/output/outputHelpers.go:267.2,268.15 2 0
github.com/newrelic/newrelic-diagnostics-cli/output/outputHelpers.go:271.2,271.12 1 0
github.com/newrelic/newrelic-diagnostics-cli/output/outputHelpers.go:249.15,251.3 1 0
github.com/newrelic/newrelic-diagnostics-cli/output/outputHelpers.go:255.15,258.3 2 0
github.com/newrelic/newrelic-diagnostics-cli/output/outputHelpers.go:263.15,266.3 2 0
github.com/newrelic/newrelic-diagnostics-cli/output/outputHelpers.go:268.15,270.3 1 0
